{
  "RSpec": {
    "coverage": {
      "/Users/dharapatel/Projects/Makers_Main_Course/WK10/bank_tech_test/spec/account_spec.rb": {
        "lines": [
          1,
          null,
          1,
          1,
          1,
          1,
          null,
          null,
          1,
          1,
          null,
          null,
          null,
          1,
          2,
          null,
          1,
          1,
          1,
          null,
          null,
          1,
          1,
          1,
          null,
          null,
          null,
          1,
          2,
          null,
          1,
          1,
          1,
          1,
          null,
          null,
          1,
          1,
          2,
          null,
          null,
          1,
          1,
          1,
          1,
          null,
          null,
          null,
          null
        ]
      },
      "/Users/dharapatel/Projects/Makers_Main_Course/WK10/bank_tech_test/lib/account.rb": {
        "lines": [
          1,
          1,
          null,
          1,
          9,
          9,
          null,
          null,
          1,
          5,
          5,
          null,
          null,
          1,
          3,
          null,
          2,
          2,
          null,
          null
        ]
      }
    },
    "timestamp": 1597149314
  }
}
